<?xml version="1.0" encoding="UTF-8"?>
<!-- Generated by org.testng.reporters.JUnitXMLReporter -->
<testsuite hostname="LAPTOP-UH729F15" ignored="0" name="Default test" tests="3" failures="0" timestamp="2022-03-29T21:49:34 IST" time="0.057" errors="0">
  <testcase name="m1" time="0.008" classname="com.testng.practice.TestngPr"/>
  <testcase name="m2" time="0.001" classname="com.testng.practice.TestngPr"/>
  <testcase name="m3" time="0.0" classname="com.testng.practice.TestngPr"/>
</testsuite> <!-- Default test -->
