<?xml version="1.0" encoding="UTF-8"?>
<testng-results skipped="0" failed="0" ignored="0" total="3" passed="3">
  <reporter-output>
  </reporter-output>
  <suite name="Default suite" duration-ms="57" started-at="2022-03-29T21:49:33 IST" finished-at="2022-03-29T21:49:34 IST">
    <groups>
    </groups>
    <test name="Default test" duration-ms="57" started-at="2022-03-29T21:49:33 IST" finished-at="2022-03-29T21:49:34 IST">
      <class name="com.testng.practice.TestngPr">
        <test-method status="PASS" signature="m1()[pri:0, instance:com.testng.practice.TestngPr@5e853265]" name="m1" duration-ms="8" started-at="2022-03-29T21:49:34 IST" finished-at="2022-03-29T21:49:34 IST">
          <reporter-output>
          </reporter-output>
        </test-method> <!-- m1 -->
        <test-method status="PASS" signature="m2()[pri:0, instance:com.testng.practice.TestngPr@5e853265]" name="m2" duration-ms="1" started-at="2022-03-29T21:49:34 IST" finished-at="2022-03-29T21:49:34 IST">
          <reporter-output>
          </reporter-output>
        </test-method> <!-- m2 -->
        <test-method status="PASS" signature="m3()[pri:0, instance:com.testng.practice.TestngPr@5e853265]" name="m3" duration-ms="0" started-at="2022-03-29T21:49:34 IST" finished-at="2022-03-29T21:49:34 IST">
          <reporter-output>
          </reporter-output>
        </test-method> <!-- m3 -->
      </class> <!-- com.testng.practice.TestngPr -->
    </test> <!-- Default test -->
  </suite> <!-- Default suite -->
</testng-results>
